2019-04-23 16:24:48,735 - instagram_scraper.app - WARNING - Failed to get media details for Bwk82DDljvr
2019-04-23 16:24:50,004 - instagram_scraper.app - WARNING - Failed to get media details for Bwk82DBFYhX
2019-04-23 16:24:51,579 - instagram_scraper.app - WARNING - Failed to get media details for Bwk82DAlKgu
2019-04-23 16:24:53,001 - instagram_scraper.app - WARNING - Failed to get media details for Bwk82C_FSCz
2019-04-23 16:24:54,540 - instagram_scraper.app - WARNING - Failed to get media details for Bwk82DBlmaU
2019-04-23 16:24:56,206 - instagram_scraper.app - WARNING - Failed to get media details for Bwk82DBFhEm
2019-04-23 16:24:57,821 - instagram_scraper.app - WARNING - Failed to get media details for Bwk82DAFJUX
2019-04-23 16:24:59,359 - instagram_scraper.app - WARNING - Failed to get media details for Bwk82DCl8mN
2019-04-23 16:25:00,850 - instagram_scraper.app - WARNING - Failed to get media details for Bwk82DCFECL
2019-04-23 16:25:03,651 - instagram_scraper.app - WARNING - Failed to get media details for BwjpKlsF6Tz
2019-04-23 16:25:04,937 - instagram_scraper.app - WARNING - Failed to get media details for BwjpKlulkH6
2019-04-23 16:25:06,347 - instagram_scraper.app - WARNING - Failed to get media details for BwjpKluF0Wg
2019-04-23 16:25:07,718 - instagram_scraper.app - WARNING - Failed to get media details for BwjpKltl15H
2019-04-23 16:25:09,050 - instagram_scraper.app - WARNING - Failed to get media details for BwjpKltFmwH
2019-04-23 16:25:10,448 - instagram_scraper.app - WARNING - Failed to get media details for BwjpKluFIcm
2019-04-23 16:25:11,918 - instagram_scraper.app - WARNING - Failed to get media details for BwjpKlsluY6
2019-04-23 16:25:13,235 - instagram_scraper.app - WARNING - Failed to get media details for BwjpKltlTIr
2019-04-23 16:25:16,783 - instagram_scraper.app - WARNING - Failed to get media details for Bwh4O8Ult6h
2019-04-23 16:25:18,456 - instagram_scraper.app - WARNING - Failed to get media details for Bwh4O8VFScS
2019-04-23 16:25:20,050 - instagram_scraper.app - WARNING - Failed to get media details for Bwh4O8XFkwE
2019-04-23 16:25:21,809 - instagram_scraper.app - WARNING - Failed to get media details for Bwh4O8Vl1zc
2019-04-23 16:25:23,418 - instagram_scraper.app - WARNING - Failed to get media details for Bwh4O8UlI-X
2019-04-23 16:25:25,293 - instagram_scraper.app - WARNING - Failed to get media details for Bwh4O8WlYFR
2019-04-23 16:25:26,952 - instagram_scraper.app - WARNING - Failed to get media details for Bwh4O8UFx1U
2019-04-23 16:25:28,952 - instagram_scraper.app - WARNING - Failed to get media details for Bwh4O8WFxbO
2019-04-23 16:25:30,906 - instagram_scraper.app - WARNING - Failed to get media details for Bwh4O8XFsxX
2019-04-23 16:25:34,935 - instagram_scraper.app - WARNING - Failed to get media details for Bwg9PPFFEMM
2019-04-23 16:25:37,842 - instagram_scraper.app - WARNING - Failed to get media details for Bwg9PPGFvRm
2019-04-23 16:25:39,383 - instagram_scraper.app - WARNING - Failed to get media details for Bwg9PPEFUzD
2019-04-23 16:25:40,950 - instagram_scraper.app - WARNING - Failed to get media details for Bwg9PPFFc17
2019-04-23 16:25:42,536 - instagram_scraper.app - WARNING - Failed to get media details for Bwg9PPElfdg
2019-04-23 16:25:44,333 - instagram_scraper.app - WARNING - Failed to get media details for Bwg9PPFlSNi
2019-04-23 16:25:47,573 - instagram_scraper.app - WARNING - Failed to get media details for BwemyVKFORp
2019-04-23 16:25:49,352 - instagram_scraper.app - WARNING - Failed to get media details for BwemyVHFx7c
2019-04-23 16:25:50,979 - instagram_scraper.app - WARNING - Failed to get media details for BwemyVIlejT
2019-04-23 16:25:52,677 - instagram_scraper.app - WARNING - Failed to get media details for BwemyVJFuWo
2019-04-23 16:25:54,301 - instagram_scraper.app - WARNING - Failed to get media details for BwemyVMF7ss
2019-04-23 16:25:55,899 - instagram_scraper.app - WARNING - Failed to get media details for BwemyVHl8D0
2019-04-23 16:25:57,834 - instagram_scraper.app - WARNING - Failed to get media details for BwemyVKF5XQ
2019-04-23 16:25:59,704 - instagram_scraper.app - WARNING - Failed to get media details for BwemyVLlpKU
2019-04-23 16:26:01,424 - instagram_scraper.app - WARNING - Failed to get media details for BwemyVJlizb
2019-04-23 16:26:02,985 - instagram_scraper.app - WARNING - Failed to get media details for BwemyVIFsII
2019-04-23 16:26:08,403 - instagram_scraper.app - WARNING - Failed to get media details for Bwb-4_kli3c
2019-04-23 16:26:10,160 - instagram_scraper.app - WARNING - Failed to get media details for Bwb-4_jliY7
2019-04-23 16:26:11,877 - instagram_scraper.app - WARNING - Failed to get media details for Bwb-4_lFHSP
2019-04-23 16:26:13,631 - instagram_scraper.app - WARNING - Failed to get media details for Bwb-4_llWus
2019-04-23 16:26:15,530 - instagram_scraper.app - WARNING - Failed to get media details for Bwb-4_kFQ-4
2019-04-23 16:26:17,203 - instagram_scraper.app - WARNING - Failed to get media details for Bwb-4_kl-o_
2019-04-23 16:26:19,027 - instagram_scraper.app - WARNING - Failed to get media details for Bwb-4_mlnI3
2019-04-23 16:26:20,719 - instagram_scraper.app - WARNING - Failed to get media details for Bwb-4_mF9zY
2019-04-23 16:26:23,381 - instagram_scraper.app - WARNING - Failed to get media details for BwaXToUFunV
2019-04-23 16:26:24,762 - instagram_scraper.app - WARNING - Failed to get media details for BwaXWiPlGSQ
2019-04-23 16:26:34,289 - instagram_scraper.app - WARNING - Failed to get media details for BwVK-HclwW3
2019-04-23 16:26:35,823 - instagram_scraper.app - WARNING - Failed to get media details for BwVK-Hdlw7C
2019-04-23 16:26:37,338 - instagram_scraper.app - WARNING - Failed to get media details for BwVK-HelMPq
2019-04-23 16:26:38,870 - instagram_scraper.app - WARNING - Failed to get media details for BwVK-HcF10W
2019-04-23 16:26:40,598 - instagram_scraper.app - WARNING - Failed to get media details for BwVK-HglxOT
2019-04-23 16:26:42,173 - instagram_scraper.app - WARNING - Failed to get media details for BwVK-HfFdSq
2019-04-23 16:26:44,088 - instagram_scraper.app - WARNING - Failed to get media details for BwVK-HeFD4P
2019-04-23 16:26:45,819 - instagram_scraper.app - WARNING - Failed to get media details for BwVK-Hflib3
2019-04-23 16:26:47,480 - instagram_scraper.app - WARNING - Failed to get media details for BwVK-HgFZKs
2019-04-23 16:26:49,013 - instagram_scraper.app - WARNING - Failed to get media details for BwVK-HfFpZ1
2019-04-23 16:27:00,384 - instagram_scraper.app - WARNING - Failed to get media details for BwPGLStlKNF
2019-04-23 16:27:01,884 - instagram_scraper.app - WARNING - Failed to get media details for BwPGLStFsOb
2019-04-23 16:27:03,395 - instagram_scraper.app - WARNING - Failed to get media details for BwPGLSslIq4
2019-04-23 16:27:04,742 - instagram_scraper.app - WARNING - Failed to get media details for BwPGLStFd7L
2019-04-23 16:27:06,111 - instagram_scraper.app - WARNING - Failed to get media details for BwPGLSsFbqO
2019-04-23 16:27:08,969 - instagram_scraper.app - WARNING - Failed to get media details for BwNrYfoF3iK
2019-04-23 16:27:10,663 - instagram_scraper.app - WARNING - Failed to get media details for BwNrYfolC5Y
2019-04-23 16:27:12,152 - instagram_scraper.app - WARNING - Failed to get media details for BwNrYfnlj02
2019-04-23 16:27:13,556 - instagram_scraper.app - WARNING - Failed to get media details for BwNrYfol2Rn
2019-04-23 16:27:15,190 - instagram_scraper.app - WARNING - Failed to get media details for BwNrYfpFtL4
2019-04-23 16:27:16,808 - instagram_scraper.app - WARNING - Failed to get media details for BwNrYfnFT1w
2019-04-23 16:27:21,060 - instagram_scraper.app - WARNING - Failed to get media details for BwMqzubl86t
2019-04-23 16:27:22,556 - instagram_scraper.app - WARNING - Failed to get media details for BwMq1Y4FaV8
2019-04-23 16:27:26,788 - instagram_scraper.app - WARNING - Failed to get media details for BwK4tj1FyPa
2019-04-23 16:27:28,236 - instagram_scraper.app - WARNING - Failed to get media details for BwK4tj1lpoZ
2019-04-23 16:27:29,610 - instagram_scraper.app - WARNING - Failed to get media details for BwK4tjzlWF_
2019-04-23 16:27:31,382 - instagram_scraper.app - WARNING - Failed to get media details for BwK4tj1Fj9v
2019-04-23 16:27:32,852 - instagram_scraper.app - WARNING - Failed to get media details for BwK4tj0F11u
2019-04-23 16:27:34,457 - instagram_scraper.app - WARNING - Failed to get media details for BwK4tj0ljLQ
2019-04-23 16:27:36,488 - instagram_scraper.app - WARNING - Failed to get media details for BwKa2_FBSMS
2019-04-23 16:27:37,862 - instagram_scraper.app - WARNING - Failed to get media details for BwKa87Bhsh7
2019-04-23 16:27:43,805 - instagram_scraper.app - WARNING - Failed to get media details for BwHhnx-BFNQ
2019-04-23 16:27:45,465 - instagram_scraper.app - WARNING - Failed to get media details for BwHhnyBBNSx
2019-04-23 16:27:47,068 - instagram_scraper.app - WARNING - Failed to get media details for BwHhnyBBAd-
2019-04-23 16:27:48,651 - instagram_scraper.app - WARNING - Failed to get media details for BwHhnx9B2mJ
2019-04-23 16:27:50,535 - instagram_scraper.app - WARNING - Failed to get media details for BwHhnyABQmN
2019-04-23 16:27:52,030 - instagram_scraper.app - WARNING - Failed to get media details for BwHhnyCBkaS
2019-04-23 16:27:53,607 - instagram_scraper.app - WARNING - Failed to get media details for BwHhnx_hReL
2019-04-23 16:27:55,287 - instagram_scraper.app - WARNING - Failed to get media details for BwHhnyAhTJg
2019-04-23 16:27:56,670 - instagram_scraper.app - WARNING - Failed to get media details for BwHhnx-hEoR
2019-04-23 16:27:58,116 - instagram_scraper.app - WARNING - Failed to get media details for BwHhnyABaZm
2019-04-23 16:28:02,991 - instagram_scraper.app - WARNING - Failed to get media details for BwFmMzLhLVu
2019-04-23 16:28:04,975 - instagram_scraper.app - WARNING - Failed to get media details for BwFmMzKBCDq
2019-04-23 16:28:06,699 - instagram_scraper.app - WARNING - Failed to get media details for BwFmMzLBdkI
2019-04-23 16:28:11,964 - instagram_scraper.app - WARNING - Failed to get media details for BwFmMzNBH_S
2019-04-23 16:28:14,906 - instagram_scraper.app - WARNING - Failed to get media details for BwFmMzJh3qu
2019-04-23 16:28:17,168 - instagram_scraper.app - WARNING - Failed to get media details for BwFmMzJBkWO
2019-04-23 16:28:19,181 - instagram_scraper.app - WARNING - Failed to get media details for BwFmMzIB5Qr
2019-04-23 16:28:21,291 - instagram_scraper.app - WARNING - Failed to get media details for BwFmMzKh5IO
2019-04-23 16:28:23,182 - instagram_scraper.app - WARNING - Failed to get media details for BwFmMzOBrqX
2019-04-23 16:28:24,895 - instagram_scraper.app - WARNING - Failed to get media details for BwFmMzMBBNv
2019-04-23 16:28:36,292 - instagram_scraper.app - WARNING - Failed to get media details for Bwj5cjLj8bV
2019-04-23 16:28:37,641 - instagram_scraper.app - WARNING - Failed to get media details for Bwj5cjOjMqj
2019-04-23 16:28:38,944 - instagram_scraper.app - WARNING - Failed to get media details for Bwj5cjNDrnx
2019-04-23 16:28:40,347 - instagram_scraper.app - WARNING - Failed to get media details for Bwj5cjPDfQI
2019-04-23 16:28:41,725 - instagram_scraper.app - WARNING - Failed to get media details for Bwj5cjMjxCq
2019-04-23 16:29:24,901 - instagram_scraper.app - WARNING - Failed to get media details for BwJcMCKj_Ai
2019-04-23 16:29:26,879 - instagram_scraper.app - WARNING - Failed to get media details for BwJbvCRj8jl
2019-04-23 16:29:28,666 - instagram_scraper.app - WARNING - Failed to get media details for BwJbvLHDi7-
2019-04-23 16:29:30,651 - instagram_scraper.app - WARNING - Failed to get media details for BwJbvtaDS9T
2019-04-23 16:29:32,408 - instagram_scraper.app - WARNING - Failed to get media details for BwJbybRDa33
2019-04-23 16:29:34,297 - instagram_scraper.app - WARNING - Failed to get media details for BwJby7SDTvZ
2019-04-23 16:29:36,114 - instagram_scraper.app - WARNING - Failed to get media details for BwJb1GMjY9h
2019-04-23 16:29:37,908 - instagram_scraper.app - WARNING - Failed to get media details for BwJb23WD3Bm
2019-04-23 16:29:39,786 - instagram_scraper.app - WARNING - Failed to get media details for BwJb3YEji0u
2019-04-23 16:29:41,376 - instagram_scraper.app - WARNING - Failed to get media details for BwJb4Sljs1q
2019-04-23 16:29:46,803 - instagram_scraper.app - WARNING - Failed to get media details for BwlBFtbBYdm
2019-04-23 16:29:48,343 - instagram_scraper.app - WARNING - Failed to get media details for BwlBFtahwAq
2019-04-23 16:29:49,879 - instagram_scraper.app - WARNING - Failed to get media details for BwlBFtbh_ei
2019-04-23 16:29:52,041 - instagram_scraper.app - WARNING - Failed to get media details for BwkRGcPBg4T
2019-04-23 16:29:53,372 - instagram_scraper.app - WARNING - Failed to get media details for BwkRGcOBqVS
2019-04-23 16:29:55,387 - instagram_scraper.app - WARNING - Failed to get media details for BwkRGcNBj5G
2019-04-23 16:29:57,194 - instagram_scraper.app - WARNING - Failed to get media details for BwkRGcOh6UK
2019-04-23 16:30:00,313 - instagram_scraper.app - WARNING - Failed to get media details for BwjmFv5h_Zn
2019-04-23 16:30:02,064 - instagram_scraper.app - WARNING - Failed to get media details for BwjmFwMh65v
2019-04-23 16:30:03,498 - instagram_scraper.app - WARNING - Failed to get media details for BwjmFv5BRPA
2019-04-23 16:30:04,808 - instagram_scraper.app - WARNING - Failed to get media details for BwjmFv4hNN_
2019-04-23 16:30:10,240 - instagram_scraper.app - WARNING - Failed to get media details for BwgMqqahWiy
2019-04-23 16:30:11,681 - instagram_scraper.app - WARNING - Failed to get media details for BwgMqqbBMnU
2019-04-23 16:30:13,375 - instagram_scraper.app - WARNING - Failed to get media details for BwgMqqah3Y1
2019-04-23 16:30:14,945 - instagram_scraper.app - WARNING - Failed to get media details for BwgMqqZhQPP
2019-04-23 16:30:16,402 - instagram_scraper.app - WARNING - Failed to get media details for BwgMqqaBv24
2019-04-23 16:30:17,738 - instagram_scraper.app - WARNING - Failed to get media details for BwgMqqbh54I
2019-04-23 16:30:20,843 - instagram_scraper.app - WARNING - Failed to get media details for BwfuNmuBVh3
2019-04-23 16:30:22,342 - instagram_scraper.app - WARNING - Failed to get media details for BwfuNmvhNq8
2019-04-23 16:30:23,860 - instagram_scraper.app - WARNING - Failed to get media details for BwfuNmvBiE7
2019-04-23 16:30:25,413 - instagram_scraper.app - WARNING - Failed to get media details for BwfuNmvBSTH
2019-04-23 16:30:28,264 - instagram_scraper.app - WARNING - Failed to get media details for BwfFXLJhP6Q
2019-04-23 16:30:29,847 - instagram_scraper.app - WARNING - Failed to get media details for BwfFXLJhau1
2019-04-23 16:30:31,571 - instagram_scraper.app - WARNING - Failed to get media details for BwfFXLIhoim
2019-04-23 16:30:33,201 - instagram_scraper.app - WARNING - Failed to get media details for BwfFXLKBJQN
2019-04-23 16:30:35,645 - instagram_scraper.app - WARNING - Failed to get media details for BweFFWnhSHq
2019-04-23 16:30:37,188 - instagram_scraper.app - WARNING - Failed to get media details for BweFFWohZXX
2019-04-23 16:30:38,835 - instagram_scraper.app - WARNING - Failed to get media details for BweFFWpBKJz
2019-04-23 16:30:40,346 - instagram_scraper.app - WARNING - Failed to get media details for BweFFWoh9rL
2019-04-23 16:30:43,453 - instagram_scraper.app - WARNING - Failed to get media details for BwdfwJuh70q
2019-04-23 16:30:45,058 - instagram_scraper.app - WARNING - Failed to get media details for BwdfwJtBsu1
2019-04-23 16:30:46,543 - instagram_scraper.app - WARNING - Failed to get media details for BwdfwJvBOBc
2019-04-23 16:30:48,206 - instagram_scraper.app - WARNING - Failed to get media details for BwdfwJuBuoK
2019-04-23 16:30:53,338 - instagram_scraper.app - WARNING - Failed to get media details for BwcWHhzho0Q
2019-04-23 16:30:55,068 - instagram_scraper.app - WARNING - Failed to get media details for BwcWHh0Bf0D
2019-04-23 16:31:11,285 - instagram_scraper.app - WARNING - Failed to get media details for BwXq5sIBX8v
2019-04-23 16:31:13,071 - instagram_scraper.app - WARNING - Failed to get media details for BwXq5sJBGAT
2019-04-23 16:31:15,989 - instagram_scraper.app - WARNING - Failed to get media details for BwV2ekghAM8
2019-04-23 16:31:17,258 - instagram_scraper.app - WARNING - Failed to get media details for BwV2ekiBPCv
2019-04-23 16:31:18,592 - instagram_scraper.app - WARNING - Failed to get media details for BwV2ekiBn8_
2019-04-23 16:31:20,004 - instagram_scraper.app - WARNING - Failed to get media details for BwV2ekhh8yY
2019-04-23 16:31:21,409 - instagram_scraper.app - WARNING - Failed to get media details for BwV2ekhB6z8
2019-04-23 16:31:23,967 - instagram_scraper.app - WARNING - Failed to get media details for BwVO0_vhmio
2019-04-23 16:31:25,341 - instagram_scraper.app - WARNING - Failed to get media details for BwVO0_uhzEb
2019-04-23 16:31:26,854 - instagram_scraper.app - WARNING - Failed to get media details for BwVO0_vBhyX
2019-04-23 16:31:28,380 - instagram_scraper.app - WARNING - Failed to get media details for BwVO0_uBnwF
2019-04-23 16:31:29,767 - instagram_scraper.app - WARNING - Failed to get media details for BwVO0_thfNN
2019-04-23 16:31:36,818 - instagram_scraper.app - WARNING - Failed to get media details for BwSN0cdBlsW
2019-04-23 16:31:38,304 - instagram_scraper.app - WARNING - Failed to get media details for BwSN0cfhonc
2019-04-23 16:31:39,593 - instagram_scraper.app - WARNING - Failed to get media details for BwSN0ceBoto
2019-04-23 16:31:41,051 - instagram_scraper.app - WARNING - Failed to get media details for BwSN0cdhENL
2019-04-23 16:31:42,613 - instagram_scraper.app - WARNING - Failed to get media details for BwSN0cgBOpT
2019-04-23 16:31:45,078 - instagram_scraper.app - WARNING - Failed to get media details for BwRG3Qdhkny
2019-04-23 16:31:46,690 - instagram_scraper.app - WARNING - Failed to get media details for BwRG3QcBAMj
2019-04-23 16:31:48,310 - instagram_scraper.app - WARNING - Failed to get media details for BwRG3Qch5pr
2019-04-23 16:31:50,232 - instagram_scraper.app - WARNING - Failed to get media details for BwRG3QdBhul
2019-04-23 16:31:51,932 - instagram_scraper.app - WARNING - Failed to get media details for BwRG3Qdh7sY
2019-04-23 16:31:55,673 - instagram_scraper.app - WARNING - Failed to get media details for BwQM6hHB79K
2019-04-23 16:31:57,342 - instagram_scraper.app - WARNING - Failed to get media details for BwQM6hGBOnC
2019-04-23 16:31:58,986 - instagram_scraper.app - WARNING - Failed to get media details for BwQM6hFBU06
2019-04-23 16:32:00,665 - instagram_scraper.app - WARNING - Failed to get media details for BwQM6hGBAph
2019-04-23 16:32:02,293 - instagram_scraper.app - WARNING - Failed to get media details for BwQM6hGh_vb
2019-04-23 16:32:09,460 - instagram_scraper.app - WARNING - Failed to get media details for BwM4uooh00r
2019-04-23 16:32:11,432 - instagram_scraper.app - WARNING - Failed to get media details for BwM4uopBysa
2019-04-23 16:32:12,900 - instagram_scraper.app - WARNING - Failed to get media details for BwM4uonh4Eg
2019-04-23 16:32:16,385 - instagram_scraper.app - WARNING - Failed to get media details for BwL3q_cB9jK
2019-04-23 16:32:18,315 - instagram_scraper.app - WARNING - Failed to get media details for BwL3q_ZBkm0
2019-04-23 16:32:20,167 - instagram_scraper.app - WARNING - Failed to get media details for BwL3q_eheDu
2019-04-23 16:32:23,294 - instagram_scraper.app - WARNING - Failed to get media details for BwLXHXfnB-w
2019-04-23 16:32:24,784 - instagram_scraper.app - WARNING - Failed to get media details for BwLXHXensM8
2019-04-23 16:32:26,511 - instagram_scraper.app - WARNING - Failed to get media details for BwLXHXeH89x
2019-04-23 16:32:28,074 - instagram_scraper.app - WARNING - Failed to get media details for BwLXHXfHMX8
2019-04-23 16:32:29,910 - instagram_scraper.app - WARNING - Failed to get media details for BwLXHXdHGE-
2019-04-23 16:32:35,293 - instagram_scraper.app - WARNING - Failed to get media details for BwKMMCDBH2H
2019-04-23 16:32:37,168 - instagram_scraper.app - WARNING - Failed to get media details for BwKMI9hhPNC
2019-04-23 16:32:40,668 - instagram_scraper.app - WARNING - Failed to get media details for BwJPuCwhcgi
2019-04-23 16:32:42,511 - instagram_scraper.app - WARNING - Failed to get media details for BwJPuCwh01u
2019-04-23 16:32:44,107 - instagram_scraper.app - WARNING - Failed to get media details for BwJPuCxBFCy
2019-04-23 16:32:45,793 - instagram_scraper.app - WARNING - Failed to get media details for BwJPuCwBQJt
2019-04-23 16:32:51,440 - instagram_scraper.app - WARNING - Failed to get media details for BwH6dLTB97l
2019-04-23 16:32:53,205 - instagram_scraper.app - WARNING - Failed to get media details for BwH6dLRh00g
2019-04-23 16:32:55,002 - instagram_scraper.app - WARNING - Failed to get media details for BwH6dLTB1UF
2019-04-23 16:32:56,704 - instagram_scraper.app - WARNING - Failed to get media details for BwH6dLRBO-5
2019-04-23 16:32:58,368 - instagram_scraper.app - WARNING - Failed to get media details for BwH6dLUBC-F
2019-04-23 16:33:00,055 - instagram_scraper.app - WARNING - Failed to get media details for BwH6dLQhER9
2019-04-23 16:33:01,896 - instagram_scraper.app - WARNING - Failed to get media details for BwH6dLShoci
2019-04-23 16:33:03,716 - instagram_scraper.app - WARNING - Failed to get media details for BwH6dLThSUu
2019-04-23 16:33:05,145 - instagram_scraper.app - WARNING - Retry after exception PartialContentException('Partial response',) on https://www.instagram.com/p/BwH6dLSBAY7/?__a=1
2019-04-23 16:33:12,221 - instagram_scraper.app - WARNING - Failed to get media details for BwH6dLSBAY7
2019-04-23 16:33:19,499 - instagram_scraper.app - WARNING - Failed to get media details for BwFEcexBFxe
2019-04-23 16:33:21,066 - instagram_scraper.app - WARNING - Failed to get media details for BwFEceyBlnO
2019-04-23 16:33:22,527 - instagram_scraper.app - WARNING - Failed to get media details for BwFEcexho-9
2019-04-23 16:33:24,266 - instagram_scraper.app - WARNING - Failed to get media details for BwFEceyh_Xl
2019-04-23 16:33:27,466 - instagram_scraper.app - WARNING - Failed to get media details for BwERVUbBf5J
2019-04-23 16:33:29,999 - instagram_scraper.app - WARNING - Failed to get media details for BwERVUbB0yI
2019-04-23 16:33:31,824 - instagram_scraper.app - WARNING - Failed to get media details for BwERVUaBeec
2019-04-23 16:33:33,476 - instagram_scraper.app - WARNING - Failed to get media details for BwERVUbhF-q
2019-04-23 16:33:40,253 - instagram_scraper.app - WARNING - Failed to get media details for BwCiWjghgSj
2019-04-23 16:33:42,141 - instagram_scraper.app - WARNING - Failed to get media details for BwCiWjiBIIG
2019-04-23 16:33:44,061 - instagram_scraper.app - WARNING - Failed to get media details for BwCiWjhBcLT
2019-04-23 16:33:45,906 - instagram_scraper.app - WARNING - Failed to get media details for BwCiWjhh0gz
2019-04-23 16:33:47,750 - instagram_scraper.app - WARNING - Failed to get media details for BwCiWjiB5Ko
2019-04-23 16:33:49,526 - instagram_scraper.app - WARNING - Failed to get media details for BwCiWjgBl-1
2019-04-23 16:33:51,326 - instagram_scraper.app - WARNING - Failed to get media details for BwCiWjihEZg
2019-04-23 16:33:57,120 - instagram_scraper.app - WARNING - Failed to get media details for Bv_Eyh8heIF
2019-04-23 16:33:58,854 - instagram_scraper.app - WARNING - Failed to get media details for Bv_Eyh8B0bE
2019-04-23 16:34:01,783 - instagram_scraper.app - WARNING - Failed to get media details for Bv-qQ78hOYO
2019-04-23 16:34:03,308 - instagram_scraper.app - WARNING - Failed to get media details for Bv-qQ78BxgY
2019-04-23 16:34:04,976 - instagram_scraper.app - WARNING - Failed to get media details for Bv-qQ77hkL2
2019-04-23 16:34:06,486 - instagram_scraper.app - WARNING - Failed to get media details for Bv-qQ78BK4E
2019-04-23 16:34:08,308 - instagram_scraper.app - WARNING - Failed to get media details for Bv-qQ77BSMa
2019-04-23 16:34:18,114 - instagram_scraper.app - WARNING - Retry after exception PartialContentException('Partial response',) on https://www.instagram.com/p/BwZ2EEdBQzn/?__a=1
2019-04-23 16:34:24,773 - instagram_scraper.app - WARNING - Failed to get media details for BwZ2EEdBQzn
2019-04-23 16:34:26,218 - instagram_scraper.app - WARNING - Failed to get media details for BwZ2EEcBr4d
2019-04-23 16:34:37,353 - instagram_scraper.app - WARNING - Failed to get media details for BwM69SxhxsO
2019-04-23 16:34:38,524 - instagram_scraper.app - WARNING - Failed to get media details for BwM69SwBqr3
2019-04-23 16:34:39,729 - instagram_scraper.app - WARNING - Failed to get media details for BwM69SwhpRf
2019-04-23 16:34:50,915 - instagram_scraper.app - WARNING - Failed to get media details for Bv4imCDB8qM
2019-04-23 16:34:52,237 - instagram_scraper.app - WARNING - Failed to get media details for Bv4imCChVd-
2019-04-23 16:34:53,559 - instagram_scraper.app - WARNING - Failed to get media details for Bv4imCDhmgw
2019-04-23 16:34:59,736 - instagram_scraper.app - WARNING - Failed to get media details for Bvrz4sjh8nY
2019-04-23 16:35:01,062 - instagram_scraper.app - WARNING - Failed to get media details for Bvrz4skBqV3
2019-04-23 16:35:02,322 - instagram_scraper.app - WARNING - Failed to get media details for Bvrz4sihg0N
2019-04-23 16:35:03,824 - instagram_scraper.app - WARNING - Failed to get media details for Bvrz4sjhxV3
2019-04-23 16:35:05,954 - instagram_scraper.app - WARNING - Failed to get media details for BvriQpbh1n3
2019-04-23 16:35:07,245 - instagram_scraper.app - WARNING - Failed to get media details for BvriQpbBkPU
2019-04-23 16:35:08,820 - instagram_scraper.app - WARNING - Failed to get media details for BvriQpahZ8G
2019-04-23 16:35:10,414 - instagram_scraper.app - WARNING - Failed to get media details for BvriQpdhqAu
2019-04-23 16:35:13,221 - instagram_scraper.app - WARNING - Failed to get media details for BvkFYVUB-8S
2019-04-23 16:35:14,550 - instagram_scraper.app - WARNING - Failed to get media details for BvkFYVShI8k
2019-04-23 16:35:15,867 - instagram_scraper.app - WARNING - Failed to get media details for BvkFYVThhEo
2019-04-23 16:35:19,539 - instagram_scraper.app - WARNING - Failed to get media details for BvhcyF6hgxm
2019-04-23 16:35:21,096 - instagram_scraper.app - WARNING - Failed to get media details for BvhcyF6B3al
2019-04-23 16:35:22,627 - instagram_scraper.app - WARNING - Failed to get media details for BvhcyF4hfkm
2019-04-23 16:35:24,218 - instagram_scraper.app - WARNING - Failed to get media details for BvhcyF5hPCk
2019-04-23 16:35:25,610 - instagram_scraper.app - WARNING - Retry after exception PartialContentException('Partial response',) on https://www.instagram.com/p/BvhcyF5hTuS/?__a=1
2019-04-23 16:35:32,631 - instagram_scraper.app - WARNING - Failed to get media details for BvhcyF5hTuS
2019-04-23 16:35:35,476 - instagram_scraper.app - WARNING - Failed to get media details for Bve05GUhkmZ
2019-04-23 16:35:36,928 - instagram_scraper.app - WARNING - Failed to get media details for Bve05GUh0L6
2019-04-23 16:35:38,333 - instagram_scraper.app - WARNING - Failed to get media details for Bve05GTh_83
2019-04-23 16:35:41,817 - instagram_scraper.app - WARNING - Failed to get media details for BvZuTLah24R
2019-04-23 16:35:43,411 - instagram_scraper.app - WARNING - Failed to get media details for BvZuTLaBDc7
2019-04-23 16:35:44,799 - instagram_scraper.app - WARNING - Failed to get media details for BvZuTLZhr_r
2019-04-23 16:35:46,235 - instagram_scraper.app - WARNING - Failed to get media details for BvZuTLZBmKH
2019-04-23 16:36:25,039 - instagram_scraper.app - WARNING - Failed to get media details for BwLL1uWluFB
2019-04-23 16:36:26,419 - instagram_scraper.app - WARNING - Failed to get media details for BwLL1uXFmjZ
2019-04-23 16:36:28,267 - instagram_scraper.app - WARNING - Failed to get media details for BwLL1uWF1JJ
2019-04-23 16:36:29,753 - instagram_scraper.app - WARNING - Failed to get media details for BwLL1uZFgKg
2019-04-23 16:36:31,392 - instagram_scraper.app - WARNING - Failed to get media details for BwLL1uYFYzO
2019-04-23 16:36:32,835 - instagram_scraper.app - WARNING - Failed to get media details for BwLL1uXlZFC
2019-04-23 16:36:34,576 - instagram_scraper.app - WARNING - Failed to get media details for BwLL1uXlnB1
2019-04-23 16:36:40,599 - instagram_scraper.app - WARNING - Failed to get media details for BwLItHRlnFt
2019-04-23 16:36:42,093 - instagram_scraper.app - WARNING - Failed to get media details for BwLItHTF36k
2019-04-23 16:36:43,678 - instagram_scraper.app - WARNING - Failed to get media details for BwLItHQFP-3
2019-04-23 16:36:45,301 - instagram_scraper.app - WARNING - Failed to get media details for BwLItHRlfWq
2019-04-23 16:36:46,755 - instagram_scraper.app - WARNING - Failed to get media details for BwLItHSFiaA
2019-04-23 16:36:48,391 - instagram_scraper.app - WARNING - Failed to get media details for BwLItHQloa5
2019-04-23 16:36:49,843 - instagram_scraper.app - WARNING - Failed to get media details for BwLItHRFQpE
2019-04-23 16:37:03,530 - instagram_scraper.app - WARNING - Failed to get media details for BwGkj5ul6Zy
2019-04-23 16:37:05,144 - instagram_scraper.app - WARNING - Failed to get media details for BwGkj5vF8kQ
2019-04-23 16:37:33,172 - instagram_scraper.app - WARNING - Failed to get media details for Bv0T5lmF_LV
2019-04-23 16:37:34,663 - instagram_scraper.app - WARNING - Failed to get media details for Bv0T5lll0rV
2019-04-23 16:38:45,884 - instagram_scraper.app - WARNING - Failed to get media details for BwkUG3VDj8u
2019-04-23 16:38:49,182 - instagram_scraper.app - WARNING - Retry after exception PartialContentException('Partial response',) on https://www.instagram.com/p/BwkUG3XDCgY/?__a=1
2019-04-23 16:38:56,164 - instagram_scraper.app - WARNING - Failed to get media details for BwkUG3XDCgY
2019-04-23 16:38:57,442 - instagram_scraper.app - WARNING - Failed to get media details for BwkUG3XjHTa
2019-04-23 16:38:58,713 - instagram_scraper.app - WARNING - Failed to get media details for BwkUG3WjTWj
2019-04-23 16:39:30,082 - instagram_scraper.app - WARNING - Failed to get media details for Bub-tkjDYtp
2019-04-23 16:39:31,400 - instagram_scraper.app - WARNING - Failed to get media details for Bub-tkiD7UE
2019-04-23 16:39:32,628 - instagram_scraper.app - WARNING - Failed to get media details for Bub-tkjDqOj
2019-04-23 16:39:35,685 - instagram_scraper.app - WARNING - Failed to get media details for BuPCif-D2Bf
2019-04-23 16:39:36,991 - instagram_scraper.app - WARNING - Failed to get media details for BuPCif_DJJ_
2019-04-23 16:39:38,364 - instagram_scraper.app - WARNING - Failed to get media details for BuPCif_jIAN
2019-04-23 16:40:46,439 - instagram_scraper.app - WARNING - Failed to get media details for BwY7_AlhrgJ
2019-04-23 16:40:47,988 - instagram_scraper.app - WARNING - Failed to get media details for BwY7_AmhiXU
2019-04-23 16:40:49,318 - instagram_scraper.app - WARNING - Failed to get media details for BwY7_AmBKIZ
2019-04-23 16:40:51,658 - instagram_scraper.app - WARNING - Failed to get media details for BwYkq4nh_ji
2019-04-23 16:40:53,210 - instagram_scraper.app - WARNING - Failed to get media details for BwYkq4nhst_
2019-04-23 16:40:54,576 - instagram_scraper.app - WARNING - Failed to get media details for BwYkq4mhQzs
2019-04-23 16:41:13,884 - instagram_scraper.app - WARNING - Failed to get media details for Bv-ioCyhTPY
2019-04-23 16:41:15,211 - instagram_scraper.app - WARNING - Failed to get media details for Bv-ioC0BPLU
2019-04-23 16:41:16,856 - instagram_scraper.app - WARNING - Failed to get media details for Bv-ioCzhY63
2019-04-23 16:41:35,601 - instagram_scraper.app - WARNING - Failed to get media details for BwPmR1mliFY
2019-04-23 16:41:36,952 - instagram_scraper.app - WARNING - Failed to get media details for BwPmR1nFC5v
2019-04-23 16:41:38,397 - instagram_scraper.app - WARNING - Failed to get media details for BwPmR1llV4L
2019-04-23 16:41:45,705 - instagram_scraper.app - WARNING - Failed to get media details for Bv4jG42FSOn
2019-04-23 16:41:47,110 - instagram_scraper.app - WARNING - Failed to get media details for Bv4jGYVlZbl
2019-04-23 16:41:53,079 - instagram_scraper.app - WARNING - Failed to get media details for Bvr0oYDHFhN
2019-04-23 16:41:54,597 - instagram_scraper.app - WARNING - Failed to get media details for Bvr0nnCHNAb
2019-04-23 16:42:02,726 - instagram_scraper.app - WARNING - Failed to get media details for BvZYHBolJZ6
2019-04-23 16:42:04,318 - instagram_scraper.app - WARNING - Failed to get media details for BvZYGjrFtie
2019-04-23 16:43:31,014 - instagram_scraper.app - WARNING - Failed to get media details for BwaJLYGleNG
2019-04-23 16:43:32,877 - instagram_scraper.app - WARNING - Failed to get media details for BwaJLYFlWeL
2019-04-23 16:43:34,764 - instagram_scraper.app - WARNING - Failed to get media details for BwaJLYHlTbh
2019-04-23 16:43:36,638 - instagram_scraper.app - WARNING - Failed to get media details for BwaJLYHFLC2
2019-04-23 16:43:38,318 - instagram_scraper.app - WARNING - Failed to get media details for BwaJLYGFUit
2019-04-23 16:43:40,208 - instagram_scraper.app - WARNING - Failed to get media details for BwaJLYHlwzZ
2019-04-23 16:43:41,882 - instagram_scraper.app - WARNING - Failed to get media details for BwaJLYHFUky
2019-04-23 16:43:43,469 - instagram_scraper.app - WARNING - Failed to get media details for BwaJLYGlGSY
2019-04-23 16:44:15,429 - instagram_scraper.app - WARNING - Failed to get media details for BwST3dnlgUi
2019-04-23 16:44:17,043 - instagram_scraper.app - WARNING - Failed to get media details for BwST3dmFiWL
2019-04-23 16:44:21,472 - instagram_scraper.app - WARNING - Failed to get media details for BwSQYTRFu0w
2019-04-23 16:44:23,141 - instagram_scraper.app - WARNING - Failed to get media details for BwSQYTPlwKT
2019-04-23 16:44:24,774 - instagram_scraper.app - WARNING - Failed to get media details for BwSQYTOFFo7
2019-04-23 16:44:26,577 - instagram_scraper.app - WARNING - Failed to get media details for BwSQYTNFEui
2019-04-23 16:44:28,568 - instagram_scraper.app - WARNING - Failed to get media details for BwSQYTNl1Y0
2019-04-23 16:44:30,575 - instagram_scraper.app - WARNING - Failed to get media details for BwSQYTOlBC1
2019-04-23 16:44:32,415 - instagram_scraper.app - WARNING - Failed to get media details for BwSQYTPFUe5
2019-04-23 16:44:34,154 - instagram_scraper.app - WARNING - Failed to get media details for BwSQYTQFAkl
2019-04-23 16:44:36,173 - instagram_scraper.app - WARNING - Failed to get media details for BwSQYTPlAck
2019-04-23 16:44:38,107 - instagram_scraper.app - WARNING - Failed to get media details for BwSQYTQFp12
2019-04-23 16:46:13,487 - instagram_scraper.app - WARNING - Failed to get media details for Bwkjvz8lWng
2019-04-23 16:46:15,056 - instagram_scraper.app - WARNING - Failed to get media details for Bwkjvz9Fwj4
2019-04-23 16:46:40,617 - instagram_scraper.app - WARNING - Failed to get media details for BwXq17LFghQ
2019-04-23 16:46:42,378 - instagram_scraper.app - WARNING - Failed to get media details for BwXq17LllUO
2019-04-23 16:46:52,005 - instagram_scraper.app - WARNING - Failed to get media details for BwVEgUWlgD5
2019-04-23 16:46:53,793 - instagram_scraper.app - WARNING - Failed to get media details for BwVD19HlkrD
2019-04-23 16:46:55,628 - instagram_scraper.app - WARNING - Failed to get media details for BwVD28EFZS9
2019-04-23 16:47:16,731 - instagram_scraper.app - WARNING - Failed to get media details for BwM8mPGDnzf
2019-04-23 16:47:18,373 - instagram_scraper.app - WARNING - Failed to get media details for BwM8mV_jpY5
2019-04-23 16:47:20,010 - instagram_scraper.app - WARNING - Failed to get media details for BwM8mV4jy5i
2019-04-23 16:47:21,643 - instagram_scraper.app - WARNING - Failed to get media details for BwM8mWzDl2y
