2019-04-21 22:46:01,183 - instagram_scraper.app - WARNING - Failed to get media details for BweQw72nUjY
2019-04-21 22:46:02,800 - instagram_scraper.app - WARNING - Failed to get media details for BweQw72HgMF
2019-04-21 22:46:04,323 - instagram_scraper.app - WARNING - Failed to get media details for BweQw72HUuQ
2019-04-21 22:46:06,063 - instagram_scraper.app - WARNING - Failed to get media details for BweQw71ngrl
2019-04-21 22:46:08,202 - instagram_scraper.app - WARNING - Failed to get media details for BwePN6MHguZ
2019-04-21 22:46:09,855 - instagram_scraper.app - WARNING - Failed to get media details for BwePN6MnqAK
2019-04-21 22:46:11,536 - instagram_scraper.app - WARNING - Failed to get media details for BwePN6Ln6Kd
2019-04-21 22:46:13,070 - instagram_scraper.app - WARNING - Failed to get media details for BwePN6MnUxf
2019-04-21 22:46:14,554 - instagram_scraper.app - WARNING - Failed to get media details for BwePN6NH_Mc
2019-04-21 22:46:16,575 - instagram_scraper.app - WARNING - Failed to get media details for Bwd3ZUXnCCb
2019-04-21 22:46:18,061 - instagram_scraper.app - WARNING - Failed to get media details for Bwd3ZUXHcKR
2019-04-21 22:46:19,402 - instagram_scraper.app - WARNING - Failed to get media details for Bwd3ZUYH4gS
2019-04-21 22:46:22,039 - instagram_scraper.app - WARNING - Failed to get media details for Bwb5quWHBiW
2019-04-21 22:46:23,386 - instagram_scraper.app - WARNING - Failed to get media details for Bwb5quUHTOz
2019-04-21 22:46:24,706 - instagram_scraper.app - WARNING - Failed to get media details for Bwb5quVHHqq
2019-04-21 22:46:27,242 - instagram_scraper.app - WARNING - Retry after exception PartialContentException('Partial response',) on https://www.instagram.com/p/Bwb5quVnUwn/?__a=1
2019-04-21 22:46:34,347 - instagram_scraper.app - WARNING - Failed to get media details for Bwb5quVnUwn
2019-04-21 22:46:35,681 - instagram_scraper.app - WARNING - Failed to get media details for Bwb5quUnsvM
2019-04-21 22:46:37,111 - instagram_scraper.app - WARNING - Failed to get media details for Bwb5quVnmkb
2019-04-21 22:46:38,469 - instagram_scraper.app - WARNING - Failed to get media details for Bwb5quWnRX8
2019-04-21 22:46:39,665 - instagram_scraper.app - WARNING - Failed to get media details for Bwb5quWH7LH
2019-04-21 22:46:40,946 - instagram_scraper.app - WARNING - Failed to get media details for Bwb5quXnLBb
2019-04-21 22:46:42,197 - instagram_scraper.app - WARNING - Failed to get media details for Bwb5quTnbxZ
2019-04-21 22:46:45,295 - instagram_scraper.app - WARNING - Failed to get media details for BwZeclTHexB
2019-04-21 22:46:46,479 - instagram_scraper.app - WARNING - Failed to get media details for BwZeclTnntH
2019-04-21 22:46:47,628 - instagram_scraper.app - WARNING - Failed to get media details for BwZeclUHiI4
2019-04-21 22:46:48,860 - instagram_scraper.app - WARNING - Failed to get media details for BwZeclSHeGo
2019-04-21 22:46:50,165 - instagram_scraper.app - WARNING - Failed to get media details for BwZeclUnbQp
2019-04-21 22:46:57,454 - instagram_scraper.app - WARNING - Failed to get media details for BwXKiKHHzAs
2019-04-21 22:46:59,019 - instagram_scraper.app - WARNING - Failed to get media details for BwXKiKHnh9y
2019-04-21 22:47:00,248 - instagram_scraper.app - WARNING - Failed to get media details for BwXKiKJHM6f
2019-04-21 22:47:01,508 - instagram_scraper.app - WARNING - Failed to get media details for BwXKiKIHruk
2019-04-21 22:47:07,284 - instagram_scraper.app - WARNING - Failed to get media details for BwUhqrXHf-Z
2019-04-21 22:47:08,775 - instagram_scraper.app - WARNING - Failed to get media details for BwUhqrWH6kw
2019-04-21 22:47:10,281 - instagram_scraper.app - WARNING - Failed to get media details for BwUhqrVnHvx
2019-04-21 22:47:12,041 - instagram_scraper.app - WARNING - Failed to get media details for BwUhqrWH_cP
2019-04-21 22:47:16,324 - instagram_scraper.app - WARNING - Failed to get media details for BwT6XanHcqB
2019-04-21 22:47:18,051 - instagram_scraper.app - WARNING - Failed to get media details for BwT6XaoHMHv
2019-04-21 22:47:19,761 - instagram_scraper.app - WARNING - Failed to get media details for BwT6XaoHVF3
2019-04-21 22:47:21,236 - instagram_scraper.app - WARNING - Failed to get media details for BwT6Xaon4AM
2019-04-21 22:47:24,838 - instagram_scraper.app - WARNING - Failed to get media details for BwR5hrqnqvT
2019-04-21 22:47:26,150 - instagram_scraper.app - WARNING - Failed to get media details for BwR5hrrnrGJ
2019-04-21 22:47:27,711 - instagram_scraper.app - WARNING - Failed to get media details for BwR5hrqHrcb
2019-04-21 22:47:37,079 - instagram_scraper.app - WARNING - Failed to get media details for BwM3aYDnBT-
2019-04-21 22:47:38,503 - instagram_scraper.app - WARNING - Failed to get media details for BwM3aYDHLGU
2019-04-21 22:47:39,857 - instagram_scraper.app - WARNING - Failed to get media details for BwM3aYDnvDq
2019-04-21 22:47:41,430 - instagram_scraper.app - WARNING - Failed to get media details for BwM3aYEH5JT
2019-04-21 22:47:43,023 - instagram_scraper.app - WARNING - Failed to get media details for BwM3aYCn2-Q
2019-04-21 22:47:44,345 - instagram_scraper.app - WARNING - Failed to get media details for BwM3aYFHHOT
2019-04-21 22:47:45,839 - instagram_scraper.app - WARNING - Failed to get media details for BwM3aYBnkC6
2019-04-21 22:47:56,523 - instagram_scraper.app - WARNING - Failed to get media details for BwG7PZkngJW
2019-04-21 22:47:58,048 - instagram_scraper.app - WARNING - Failed to get media details for BwG7PZlnzV9
2019-04-21 22:47:59,453 - instagram_scraper.app - WARNING - Failed to get media details for BwG7PZlHWz_
2019-04-21 22:48:00,819 - instagram_scraper.app - WARNING - Failed to get media details for BwG7PZmHRbg
2019-04-21 22:48:09,722 - instagram_scraper.app - WARNING - Failed to get media details for BwCtE6vnXh0
2019-04-21 22:48:11,573 - instagram_scraper.app - WARNING - Failed to get media details for BwCtE6unODQ
2019-04-21 22:48:12,867 - instagram_scraper.app - WARNING - Failed to get media details for BwCtE6wHnS0
2019-04-21 22:48:14,082 - instagram_scraper.app - WARNING - Failed to get media details for BwCtE6vn27E
2019-04-21 22:48:16,101 - instagram_scraper.app - WARNING - Failed to get media details for BwCpyVIHfel
2019-04-21 22:48:17,423 - instagram_scraper.app - WARNING - Failed to get media details for BwCpyVInDhh
2019-04-21 22:48:18,688 - instagram_scraper.app - WARNING - Failed to get media details for BwCpyVHncbU
2019-04-21 22:48:31,233 - instagram_scraper.app - WARNING - Failed to get media details for Bv9R3SHHcm2
2019-04-21 22:48:32,513 - instagram_scraper.app - WARNING - Failed to get media details for Bv9R3SHHmcK
2019-04-21 22:48:33,757 - instagram_scraper.app - WARNING - Failed to get media details for Bv9R3SGnblZ
2019-04-21 22:48:37,198 - instagram_scraper.app - WARNING - Failed to get media details for Bv81VoiH3eh
2019-04-21 22:48:38,509 - instagram_scraper.app - WARNING - Failed to get media details for Bv81VoinkBB
2019-04-21 22:48:39,961 - instagram_scraper.app - WARNING - Failed to get media details for Bv81Vohn_VL
2019-04-21 22:48:44,961 - instagram_scraper.app - WARNING - Failed to get media details for Bv6I0MHnruB
2019-04-21 22:48:46,550 - instagram_scraper.app - WARNING - Failed to get media details for Bv6I0MHHsUF
2019-04-21 22:48:48,148 - instagram_scraper.app - WARNING - Failed to get media details for Bv6I0MGnvPs
2019-04-21 22:48:49,707 - instagram_scraper.app - WARNING - Failed to get media details for Bv6I0MIH1a_
2019-04-21 22:49:13,714 - instagram_scraper.app - WARNING - Failed to get media details for Bvjo9bBHZN8
2019-04-21 22:49:15,392 - instagram_scraper.app - WARNING - Failed to get media details for Bvjo9bAnhMS
2019-04-21 22:49:17,062 - instagram_scraper.app - WARNING - Failed to get media details for Bvjo9a_n-Sw
2019-04-21 22:49:45,629 - instagram_scraper.app - WARNING - Failed to get media details for BvJjykVHVd_
2019-04-21 22:49:47,061 - instagram_scraper.app - WARNING - Failed to get media details for BvJjykUnEUP
2019-04-21 22:49:48,600 - instagram_scraper.app - WARNING - Failed to get media details for BvJjykTnLI8
2019-04-21 22:50:12,141 - instagram_scraper.app - WARNING - Failed to get media details for BumGtNmHFOJ
2019-04-21 22:50:13,681 - instagram_scraper.app - WARNING - Failed to get media details for BumGtNnnDhj
2019-04-21 22:50:15,202 - instagram_scraper.app - WARNING - Failed to get media details for BumGtNmnT4r
2019-04-21 22:50:17,437 - instagram_scraper.app - WARNING - Failed to get media details for BumFs7Anl8i
2019-04-21 22:50:18,836 - instagram_scraper.app - WARNING - Failed to get media details for BumFs7BH0v6
2019-04-21 22:50:20,837 - instagram_scraper.app - WARNING - Failed to get media details for Bul4VppH4zJ
2019-04-21 22:50:22,312 - instagram_scraper.app - WARNING - Failed to get media details for Bul4VpoHkKq
2019-04-21 22:50:27,584 - instagram_scraper.app - WARNING - Failed to get media details for BugWWVhnji6
2019-04-21 22:50:28,885 - instagram_scraper.app - WARNING - Failed to get media details for BugWWVgntSF
2019-04-21 22:50:33,178 - instagram_scraper.app - WARNING - Failed to get media details for BudptOWnDz4
2019-04-21 22:50:34,852 - instagram_scraper.app - WARNING - Failed to get media details for BudptOWHMoG
2019-04-21 22:50:36,504 - instagram_scraper.app - WARNING - Failed to get media details for BudptOWnGn3
2019-04-21 22:50:38,084 - instagram_scraper.app - WARNING - Failed to get media details for BudptOXHqbc
2019-04-21 22:50:40,914 - instagram_scraper.app - WARNING - Retry after exception PartialContentException('Partial response',) on https://www.instagram.com/p/Bua3_AzHyVW/?__a=1
2019-04-21 22:50:49,110 - instagram_scraper.app - WARNING - Failed to get media details for BuWkHrDn8DC
2019-04-21 22:50:50,429 - instagram_scraper.app - WARNING - Failed to get media details for BuWkHrEH7cM
2019-04-21 22:50:58,731 - instagram_scraper.app - WARNING - Failed to get media details for BuUElz2Hp2N
2019-04-21 22:51:00,014 - instagram_scraper.app - WARNING - Failed to get media details for BuUElz1HPyI
2019-04-21 22:51:01,393 - instagram_scraper.app - WARNING - Failed to get media details for BuUElz2H-fW
2019-04-21 22:51:02,763 - instagram_scraper.app - WARNING - Failed to get media details for BuUElz2nkLh
2019-04-21 22:51:04,213 - instagram_scraper.app - WARNING - Failed to get media details for BuUElz3nJVn
2019-04-21 22:51:09,007 - instagram_scraper.app - WARNING - Failed to get media details for BuS_YPcnTum
2019-04-21 22:51:10,742 - instagram_scraper.app - WARNING - Failed to get media details for BuS_YPbnFSS
2019-04-21 22:51:12,293 - instagram_scraper.app - WARNING - Failed to get media details for BuS_YPcHjZP
2019-04-21 22:51:13,861 - instagram_scraper.app - WARNING - Failed to get media details for BuS_YPbHaIa
2019-04-21 22:51:23,317 - instagram_scraper.app - WARNING - Failed to get media details for BuLPHAoHhwC
2019-04-21 22:51:26,774 - instagram_scraper.app - WARNING - Failed to get media details for BuLPHAnnK_6
2019-04-21 22:51:28,868 - instagram_scraper.app - WARNING - Failed to get media details for BuLPHAnny9P
2019-04-21 22:51:33,072 - instagram_scraper.app - WARNING - Failed to get media details for BuJGWzGnRXl
2019-04-21 22:51:34,502 - instagram_scraper.app - WARNING - Failed to get media details for BuJGWzHnRaC
2019-04-21 22:51:35,875 - instagram_scraper.app - WARNING - Failed to get media details for BuJGWzIHZKd
2019-04-21 22:51:37,238 - instagram_scraper.app - WARNING - Failed to get media details for BuJGWzHHgLd
2019-04-21 22:51:38,633 - instagram_scraper.app - WARNING - Failed to get media details for BuJGWzIH092
2019-04-21 22:51:40,041 - instagram_scraper.app - WARNING - Failed to get media details for BuJGWzIn9Le
2019-04-21 22:51:46,280 - instagram_scraper.app - WARNING - Failed to get media details for BuDdbJNnWNG
2019-04-21 22:51:48,096 - instagram_scraper.app - WARNING - Failed to get media details for BuDdbJNHptG
2019-04-21 22:51:49,516 - instagram_scraper.app - WARNING - Failed to get media details for BuDdbJOHilo
2019-04-21 22:51:51,137 - instagram_scraper.app - WARNING - Failed to get media details for BuDdbJOHPv-
2019-04-21 22:51:55,875 - instagram_scraper.app - WARNING - Failed to get media details for Bt6MAasnN4t
2019-04-21 22:51:57,315 - instagram_scraper.app - WARNING - Failed to get media details for Bt6MAasnSWI
2019-04-21 22:51:59,010 - instagram_scraper.app - WARNING - Failed to get media details for Bt6MAarn2pO
2019-04-21 22:52:12,262 - instagram_scraper.app - WARNING - Retry after exception PartialContentException('Partial response',) on https://www.instagram.com/p/BtyE5mKnpPK/?__a=1
2019-04-21 22:52:18,928 - instagram_scraper.app - WARNING - Failed to get media details for BtyE5mKnpPK
2019-04-21 22:52:20,479 - instagram_scraper.app - WARNING - Failed to get media details for BtyE5mJn_I1
2019-04-21 22:52:21,900 - instagram_scraper.app - WARNING - Failed to get media details for BtyE5mJnkiC
2019-04-21 22:52:23,259 - instagram_scraper.app - WARNING - Failed to get media details for BtyE5mLHfL_
2019-04-21 22:52:26,524 - instagram_scraper.app - WARNING - Failed to get media details for BtxRebWnPwJ
2019-04-21 22:52:28,010 - instagram_scraper.app - WARNING - Failed to get media details for BtxRebXHSwh
2019-04-21 22:52:29,314 - instagram_scraper.app - WARNING - Failed to get media details for BtxRebWHRac
2019-04-21 22:52:30,856 - instagram_scraper.app - WARNING - Failed to get media details for BtxRebVncyf
2019-04-21 22:52:33,251 - instagram_scraper.app - WARNING - Failed to get media details for BtvtlqrnACj
2019-04-21 22:52:34,537 - instagram_scraper.app - WARNING - Failed to get media details for BtvtlqsnEFf
2019-04-21 22:52:36,105 - instagram_scraper.app - WARNING - Failed to get media details for BtvtlqrHOw2
2019-04-21 22:52:44,073 - instagram_scraper.app - WARNING - Failed to get media details for Btp2SzunU5O
2019-04-21 22:52:45,730 - instagram_scraper.app - WARNING - Failed to get media details for Btp2SzunWcr
2019-04-21 22:52:47,532 - instagram_scraper.app - WARNING - Failed to get media details for Btp2SztnD8X
2019-04-21 22:52:49,166 - instagram_scraper.app - WARNING - Failed to get media details for Btp2SztnKpW
2019-04-21 22:52:50,880 - instagram_scraper.app - WARNING - Failed to get media details for Btp2SzsHwDO
2019-04-21 22:52:52,541 - instagram_scraper.app - WARNING - Failed to get media details for Btp2SzsnAfb
2019-04-21 22:52:54,070 - instagram_scraper.app - WARNING - Failed to get media details for Btp2Szsnbzx
2019-04-21 22:52:55,834 - instagram_scraper.app - WARNING - Failed to get media details for Btp2SzuHtGm
2019-04-21 22:52:57,625 - instagram_scraper.app - WARNING - Failed to get media details for Btp2SzwHibd
2019-04-21 22:52:59,193 - instagram_scraper.app - WARNING - Failed to get media details for Btp2SzuHIIm
2019-04-21 22:53:08,875 - instagram_scraper.app - WARNING - Failed to get media details for BtkMjCKnBdN
2019-04-21 22:53:10,259 - instagram_scraper.app - WARNING - Retry after exception PartialContentException('Partial response',) on https://www.instagram.com/p/BtkMjCJnLz2/?__a=1
2019-04-21 22:53:17,008 - instagram_scraper.app - WARNING - Failed to get media details for BtkMjCJnLz2
2019-04-21 22:53:19,717 - instagram_scraper.app - WARNING - Failed to get media details for BtgcwWnnmDc
2019-04-21 22:53:20,968 - instagram_scraper.app - WARNING - Failed to get media details for BtgcwWoHYK4
2019-04-21 22:53:28,914 - instagram_scraper.app - WARNING - Failed to get media details for BtamxeZnAuG
2019-04-21 22:53:30,174 - instagram_scraper.app - WARNING - Failed to get media details for BtamxeZnvXA
2019-04-21 22:53:31,641 - instagram_scraper.app - WARNING - Failed to get media details for BtamxeZHsdK
2019-04-21 22:53:34,405 - instagram_scraper.app - WARNING - Failed to get media details for Btaj44rnr_Z
2019-04-21 22:53:35,861 - instagram_scraper.app - WARNING - Failed to get media details for Btaj44qnK3x
2019-04-21 22:53:37,421 - instagram_scraper.app - WARNING - Failed to get media details for Btaj44rH3QV
2019-04-21 22:53:38,859 - instagram_scraper.app - WARNING - Failed to get media details for Btaj44pntlq
2019-04-21 22:53:40,806 - instagram_scraper.app - WARNING - Failed to get media details for BtYNGuTn6FI
2019-04-21 22:53:42,370 - instagram_scraper.app - WARNING - Failed to get media details for BtYNGuTH1kf
2019-04-21 22:53:43,778 - instagram_scraper.app - WARNING - Failed to get media details for BtYNGuTnRKW
2019-04-21 22:53:45,128 - instagram_scraper.app - WARNING - Failed to get media details for BtYNGuUnjo6
2019-04-21 22:53:47,871 - instagram_scraper.app - WARNING - Failed to get media details for BtXpbw9n4hZ
2019-04-21 22:53:49,570 - instagram_scraper.app - WARNING - Failed to get media details for BtXpbw7n2vm
2019-04-21 22:53:51,040 - instagram_scraper.app - WARNING - Failed to get media details for BtXpbw9nDWf
2019-04-21 22:53:52,675 - instagram_scraper.app - WARNING - Failed to get media details for BtXpbw8nOVy
2019-04-21 22:53:54,162 - instagram_scraper.app - WARNING - Failed to get media details for BtXpbw-nzM0
2019-04-21 22:53:55,911 - instagram_scraper.app - WARNING - Failed to get media details for BtXpbw9HNtz
2019-04-21 22:53:57,701 - instagram_scraper.app - WARNING - Failed to get media details for BtXpbw_Hz9N
2019-04-21 22:53:59,277 - instagram_scraper.app - WARNING - Failed to get media details for BtXpbw-Hi5l
2019-04-21 22:54:00,891 - instagram_scraper.app - WARNING - Failed to get media details for BtXpbw-Hkfp
2019-04-21 22:54:07,449 - instagram_scraper.app - WARNING - Failed to get media details for BtN_31AHIw1
2019-04-21 22:54:09,092 - instagram_scraper.app - WARNING - Failed to get media details for BtN_30_H997
2019-04-21 22:54:12,241 - instagram_scraper.app - WARNING - Failed to get media details for BtF7UFvnQ8I
2019-04-21 22:54:14,132 - instagram_scraper.app - WARNING - Failed to get media details for BtF7UFxnqs0
2019-04-21 22:54:16,037 - instagram_scraper.app - WARNING - Failed to get media details for BtF7UFxHyYN
2019-04-21 22:54:17,758 - instagram_scraper.app - WARNING - Failed to get media details for BtF7UFwHGGs
2019-04-21 22:54:22,147 - instagram_scraper.app - WARNING - Failed to get media details for BtBeBY_H7AO
2019-04-21 22:54:23,811 - instagram_scraper.app - WARNING - Failed to get media details for BtBeBZAntn5
2019-04-21 22:54:25,647 - instagram_scraper.app - WARNING - Failed to get media details for BtBeBZAHpwq
2019-04-21 22:54:27,837 - instagram_scraper.app - WARNING - Failed to get media details for BtArHdMnAZI
2019-04-21 22:54:29,880 - instagram_scraper.app - WARNING - Failed to get media details for BtArHdMHraZ
2019-04-21 22:54:36,711 - instagram_scraper.app - WARNING - Failed to get media details for BsxHpFcHlSu
2019-04-21 22:54:38,350 - instagram_scraper.app - WARNING - Failed to get media details for BsxHpFeHBwX
2019-04-21 22:54:39,793 - instagram_scraper.app - WARNING - Failed to get media details for BsxHpFbniJw
2019-04-21 22:54:41,235 - instagram_scraper.app - WARNING - Failed to get media details for BsxHpFcnmqM
2019-04-21 22:54:42,888 - instagram_scraper.app - WARNING - Failed to get media details for BsxHpFdHxdD
2019-04-21 22:54:44,476 - instagram_scraper.app - WARNING - Failed to get media details for BsxHpFdnKwM
2019-04-21 22:54:46,269 - instagram_scraper.app - WARNING - Failed to get media details for BsxHpFdnUTE
2019-04-21 22:54:48,938 - instagram_scraper.app - WARNING - Failed to get media details for Bsu-RCqHBiL
2019-04-21 22:54:50,404 - instagram_scraper.app - WARNING - Failed to get media details for Bsu-RCpnfrP
2019-04-21 22:54:52,583 - instagram_scraper.app - WARNING - Failed to get media details for BsqXC2Knja1
2019-04-21 22:54:54,210 - instagram_scraper.app - WARNING - Failed to get media details for BsqXC2LH-Q2
2019-04-21 22:54:56,775 - instagram_scraper.app - WARNING - Failed to get media details for BspiwTVHSqM
2019-04-21 22:54:58,664 - instagram_scraper.app - WARNING - Failed to get media details for BspiwTUn1Zw
2019-04-21 22:55:00,894 - instagram_scraper.app - WARNING - Failed to get media details for BspLz3khW1p
2019-04-21 22:55:02,702 - instagram_scraper.app - WARNING - Failed to get media details for BspLzNsBfLu
2019-04-21 22:55:04,137 - instagram_scraper.app - WARNING - Failed to get media details for BspLz9ZBtU6
2019-04-21 22:55:05,531 - instagram_scraper.app - WARNING - Failed to get media details for BspLz7PhC09
2019-04-21 22:55:07,284 - instagram_scraper.app - WARNING - Failed to get media details for BspLzsHBD4T
2019-04-21 22:55:10,011 - instagram_scraper.app - WARNING - Failed to get media details for BsneLNZhmt_
2019-04-21 22:55:11,586 - instagram_scraper.app - WARNING - Failed to get media details for BsneLYRB4Fo
2019-04-21 22:55:13,174 - instagram_scraper.app - WARNING - Failed to get media details for BsneLbxBzws
2019-04-21 22:55:14,737 - instagram_scraper.app - WARNING - Failed to get media details for BsneLa3Bdt_
2019-04-21 22:55:16,508 - instagram_scraper.app - WARNING - Failed to get media details for BsneLbaBrol
2019-04-21 22:55:18,305 - instagram_scraper.app - WARNING - Failed to get media details for BsneLbshNm4
2019-04-21 22:55:20,510 - instagram_scraper.app - WARNING - Failed to get media details for BsnJBRAh7aD
2019-04-21 22:55:22,081 - instagram_scraper.app - WARNING - Failed to get media details for BsnJBLnhiK3
2019-04-21 22:55:23,460 - instagram_scraper.app - WARNING - Failed to get media details for BsnJBNBhXr5
2019-04-21 22:55:27,960 - instagram_scraper.app - WARNING - Failed to get media details for Bsf5VIsBi1s
2019-04-21 22:55:29,794 - instagram_scraper.app - WARNING - Failed to get media details for Bsf5VJnB-Rz
2019-04-21 22:55:38,983 - instagram_scraper.app - WARNING - Failed to get media details for BsSSBHFhRS-
2019-04-21 22:55:40,414 - instagram_scraper.app - WARNING - Failed to get media details for BsSSBKEh3pp
2019-04-21 22:55:41,785 - instagram_scraper.app - WARNING - Failed to get media details for BsSSBIwBCX5
2019-04-21 22:55:43,321 - instagram_scraper.app - WARNING - Failed to get media details for BsSSBJSB_lx
2019-04-21 22:55:45,852 - instagram_scraper.app - WARNING - Failed to get media details for BsQHDtBBnIa
2019-04-21 22:55:47,136 - instagram_scraper.app - WARNING - Failed to get media details for BsQHDs_hmbF
2019-04-21 22:55:48,724 - instagram_scraper.app - WARNING - Failed to get media details for BsQHDuKBywV
2019-04-21 22:55:50,598 - instagram_scraper.app - WARNING - Failed to get media details for BsODBSXBkOF
2019-04-21 22:55:51,896 - instagram_scraper.app - WARNING - Failed to get media details for BsODB8jhqzb
2019-04-21 22:55:53,381 - instagram_scraper.app - WARNING - Failed to get media details for BsODB_3BZJO
2019-04-21 22:55:54,657 - instagram_scraper.app - WARNING - Failed to get media details for BsODB8kh_VN
2019-04-21 22:55:57,323 - instagram_scraper.app - WARNING - Failed to get media details for BsMqPIkBtNq
2019-04-21 22:55:58,766 - instagram_scraper.app - WARNING - Failed to get media details for BsMqPWsBL1r
2019-04-21 22:56:00,086 - instagram_scraper.app - WARNING - Failed to get media details for BsMqPdnBWoN
2019-04-21 22:56:03,271 - instagram_scraper.app - WARNING - Failed to get media details for BsDH4qlh5Dr
2019-04-21 22:56:04,724 - instagram_scraper.app - WARNING - Failed to get media details for BsDH45FBNqn
2019-04-21 22:56:07,779 - instagram_scraper.app - WARNING - Failed to get media details for BsCWPJaBrlY
2019-04-21 22:56:09,066 - instagram_scraper.app - WARNING - Failed to get media details for BsCWPLcB32G
2019-04-21 22:56:10,502 - instagram_scraper.app - WARNING - Failed to get media details for BsCWPMvhmIQ
2019-04-21 22:56:11,817 - instagram_scraper.app - WARNING - Failed to get media details for BsCWPR6BNw5
2019-04-21 22:56:14,576 - instagram_scraper.app - WARNING - Failed to get media details for BsAdLKLBrbX
2019-04-21 22:56:16,005 - instagram_scraper.app - WARNING - Failed to get media details for BsAdLMhBhR3
2019-04-21 22:56:17,776 - instagram_scraper.app - WARNING - Failed to get media details for BsAJRzZBv_W
2019-04-21 22:56:19,088 - instagram_scraper.app - WARNING - Failed to get media details for BsAJR0qhxMP
2019-04-21 22:56:20,325 - instagram_scraper.app - WARNING - Failed to get media details for BsAJR2eBBsc
2019-04-21 22:56:22,688 - instagram_scraper.app - WARNING - Failed to get media details for Br-hYl_h79e
2019-04-21 22:56:23,929 - instagram_scraper.app - WARNING - Failed to get media details for Br-hYuRBjfX
2019-04-21 22:56:25,168 - instagram_scraper.app - WARNING - Failed to get media details for Br-hY05BGcH
2019-04-21 22:56:26,441 - instagram_scraper.app - WARNING - Failed to get media details for Br-hY7GhcMO
2019-04-21 22:56:29,835 - instagram_scraper.app - WARNING - Failed to get media details for Br4r2kdBP30
2019-04-21 22:56:31,296 - instagram_scraper.app - WARNING - Failed to get media details for Br4r20KhrAO
2019-04-21 22:56:32,644 - instagram_scraper.app - WARNING - Failed to get media details for Br4r23PBC-J
2019-04-21 22:56:37,096 - instagram_scraper.app - WARNING - Failed to get media details for Brzg1F-hmx3
2019-04-21 22:56:38,375 - instagram_scraper.app - WARNING - Failed to get media details for Brzg1Lkhsai
2019-04-21 22:56:45,382 - instagram_scraper.app - WARNING - Failed to get media details for BrsfB7OB7N8
2019-04-21 22:56:46,941 - instagram_scraper.app - WARNING - Failed to get media details for BrsfB-ShnH8
2019-04-21 22:56:48,443 - instagram_scraper.app - WARNING - Failed to get media details for BrsfCAYhSBx
2019-04-21 22:56:49,983 - instagram_scraper.app - WARNING - Failed to get media details for BrsfCCihl-T
2019-04-21 22:56:51,875 - instagram_scraper.app - WARNING - Failed to get media details for BrqDs6shfuf
2019-04-21 22:56:53,332 - instagram_scraper.app - WARNING - Failed to get media details for BrqDs6-B-LY
2019-04-21 22:56:55,774 - instagram_scraper.app - WARNING - Failed to get media details for Bro3IapBO8O
2019-04-21 22:56:57,192 - instagram_scraper.app - WARNING - Failed to get media details for Bro3Im9BVzm
2019-04-21 22:56:58,633 - instagram_scraper.app - WARNING - Failed to get media details for Bro3I0Uhu9g
2019-04-21 22:57:05,151 - instagram_scraper.app - WARNING - Failed to get media details for BrcaemThbCL
2019-04-21 22:57:06,591 - instagram_scraper.app - WARNING - Failed to get media details for Brcaek-hpL8
2019-04-21 22:57:08,021 - instagram_scraper.app - WARNING - Failed to get media details for Brcael9BdNA
2019-04-21 22:57:15,738 - instagram_scraper.app - WARNING - Failed to get media details for BrFTnznBUlx
2019-04-21 22:57:17,521 - instagram_scraper.app - WARNING - Failed to get media details for BrFTn2ihqAQ
2019-04-21 22:57:18,878 - instagram_scraper.app - WARNING - Failed to get media details for BrFToDWhbtG
2019-04-21 22:57:24,388 - instagram_scraper.app - WARNING - Failed to get media details for Bq9yAqUhRyW
2019-04-21 22:57:25,825 - instagram_scraper.app - WARNING - Failed to get media details for Bq9yBUgBXiJ
2019-04-21 22:57:26,943 - instagram_scraper.app - WARNING - Failed to get media details for Bq9yBc6Bo0O
2019-04-21 22:57:30,477 - instagram_scraper.app - WARNING - Failed to get media details for Bq7EYG8Bmtz
2019-04-21 22:57:32,011 - instagram_scraper.app - WARNING - Failed to get media details for Bq7EYZFh8y1
2019-04-21 22:57:34,306 - instagram_scraper.app - WARNING - Failed to get media details for Bq39o-OhxmZ
2019-04-21 22:57:35,772 - instagram_scraper.app - WARNING - Failed to get media details for Bq39o-uBwkh
2019-04-21 22:57:37,059 - instagram_scraper.app - WARNING - Failed to get media details for Bq39o_ThNt7
2019-04-21 22:57:38,617 - instagram_scraper.app - WARNING - Failed to get media details for Bq39o_nh_r1
2019-04-21 22:57:39,939 - instagram_scraper.app - WARNING - Failed to get media details for Bq39pIahQ9y
2019-04-21 22:57:43,550 - instagram_scraper.app - WARNING - Failed to get media details for BqzxzRqhvY3
2019-04-21 22:57:44,740 - instagram_scraper.app - WARNING - Failed to get media details for BqzxzuKBM4m
2019-04-21 22:57:46,017 - instagram_scraper.app - WARNING - Retry after exception PartialContentException('Partial response',) on https://www.instagram.com/p/Bqzxz6Vh4Rm/?__a=1
2019-04-21 22:57:53,148 - instagram_scraper.app - WARNING - Failed to get media details for Bqzxz6Vh4Rm
2019-04-21 22:57:56,196 - instagram_scraper.app - WARNING - Failed to get media details for BqxRwlUBZG8
2019-04-21 22:57:57,714 - instagram_scraper.app - WARNING - Failed to get media details for BqxRw9FhiQD
2019-04-21 22:57:59,204 - instagram_scraper.app - WARNING - Failed to get media details for BqxRxcjBRkf
2019-04-21 22:58:00,682 - instagram_scraper.app - WARNING - Failed to get media details for BqxRxfshJuh
2019-04-21 22:58:07,442 - instagram_scraper.app - WARNING - Failed to get media details for BqqzKGWB1s0
2019-04-21 22:58:09,048 - instagram_scraper.app - WARNING - Failed to get media details for BqqzKerhs7x
2019-04-21 22:58:10,565 - instagram_scraper.app - WARNING - Failed to get media details for BqqzKglhxkr
2019-04-21 22:58:11,962 - instagram_scraper.app - WARNING - Failed to get media details for BqqzKgcBhWJ
2019-04-21 22:58:14,066 - instagram_scraper.app - WARNING - Failed to get media details for BqpgJKSBYL6
2019-04-21 22:58:15,546 - instagram_scraper.app - WARNING - Failed to get media details for BqpgJVMhVy-
2019-04-21 22:58:17,133 - instagram_scraper.app - WARNING - Failed to get media details for BqpgJijhuRJ
2019-04-21 22:58:18,673 - instagram_scraper.app - WARNING - Failed to get media details for BqpgJk2BlTd
2019-04-21 22:58:23,835 - instagram_scraper.app - WARNING - Failed to get media details for Bqm7ADtBBqj
2019-04-21 22:58:26,107 - instagram_scraper.app - WARNING - Failed to get media details for Bqm7AGYBslE
2019-04-21 22:58:27,673 - instagram_scraper.app - WARNING - Failed to get media details for Bqm7AGEhezT
2019-04-21 22:58:29,204 - instagram_scraper.app - WARNING - Failed to get media details for Bqm7AQ9hU7j
2019-04-21 22:58:35,065 - instagram_scraper.app - WARNING - Failed to get media details for Bqh8cEMBTv_
2019-04-21 22:58:36,601 - instagram_scraper.app - WARNING - Failed to get media details for Bqh8cE_hb-K
2019-04-21 22:58:37,862 - instagram_scraper.app - WARNING - Failed to get media details for Bqh8cFthBEE
